<?xml version="1.0" encoding="UTF-8"?>
<testng-results ignored="0" total="2" passed="2" failed="0" skipped="0">
  <reporter-output>
  </reporter-output>
  <suite started-at="2026-09-17T21:28:47 IST" name="Suite" finished-at="2026-09-17T21:29:05 IST" duration-ms="17749">
    <groups>
      <group name="cucumber">
        <method signature="AbstractTestNGCucumberTests.runScenario(io.cucumber.testng.PickleWrapper,io.cucumber.testng.FeatureWrapper)[pri:0, instance:com.stad.testautomation.testrunner.TestRunner@60704c]" name="runScenario" class="io.cucumber.testng.AbstractTestNGCucumberTests"/>
      </group> <!-- cucumber -->
    </groups>
    <test started-at="2026-09-17T21:28:47 IST" name="Test" finished-at="2026-09-17T21:29:05 IST" duration-ms="17749">
      <class name="com.stad.testautomation.testrunner.TestRunner">
        <test-method is-config="true" signature="setUpClass(org.testng.ITestContext)[pri:0, instance:com.stad.testautomation.testrunner.TestRunner@60704c]" started-at="2026-09-17T21:28:47 IST" name="setUpClass" finished-at="2026-09-17T21:28:48 IST" duration-ms="535" status="PASS">
          <params>
            <param index="0">
              <value>
                <![CDATA[org.testng.TestRunner@1abc9f14]]>
              </value>
            </param>
          </params>
          <reporter-output>
          </reporter-output>
        </test-method> <!-- setUpClass -->
        <test-method signature="runScenario(io.cucumber.testng.PickleWrapper,io.cucumber.testng.FeatureWrapper)[pri:0, instance:com.stad.testautomation.testrunner.TestRunner@60704c]" started-at="2026-09-17T21:28:48 IST" name="runScenario" description="Runs Cucumber Scenarios" data-provider="scenarios" finished-at="2026-09-17T21:28:58 IST" duration-ms="10655" status="PASS">
          <params>
            <param index="0">
              <value>
                <![CDATA["Successful Login With Valid Creadentials"]]>
              </value>
            </param>
            <param index="1">
              <value>
                <![CDATA["Login"]]>
              </value>
            </param>
          </params>
          <reporter-output>
          </reporter-output>
        </test-method> <!-- runScenario -->
        <test-method signature="runScenario(io.cucumber.testng.PickleWrapper,io.cucumber.testng.FeatureWrapper)[pri:0, instance:com.stad.testautomation.testrunner.TestRunner@60704c]" started-at="2026-09-17T21:28:58 IST" name="runScenario" description="Runs Cucumber Scenarios" data-provider="scenarios" finished-at="2026-09-17T21:29:05 IST" duration-ms="6461" status="PASS">
          <params>
            <param index="0">
              <value>
                <![CDATA["Veryfy Logout Functionality"]]>
              </value>
            </param>
            <param index="1">
              <value>
                <![CDATA["Login"]]>
              </value>
            </param>
          </params>
          <reporter-output>
          </reporter-output>
        </test-method> <!-- runScenario -->
        <test-method is-config="true" signature="tearDownClass()[pri:0, instance:com.stad.testautomation.testrunner.TestRunner@60704c]" started-at="2026-09-17T21:29:05 IST" name="tearDownClass" finished-at="2026-09-17T21:29:05 IST" duration-ms="65" status="PASS">
          <reporter-output>
          </reporter-output>
        </test-method> <!-- tearDownClass -->
      </class> <!-- com.stad.testautomation.testrunner.TestRunner -->
    </test> <!-- Test -->
  </suite> <!-- Suite -->
</testng-results>
