<?xml version="1.0" encoding="UTF-8"?>
<testsuite xmlns:xsi="http://www.w3.org/2001/XMLSchema-instance" xsi:noNamespaceSchemaLocation="https://maven.apache.org/surefire/maven-surefire-plugin/xsd/surefire-test-report-3.0.xsd" version="3.0" name="TestSuite" time="18.172" tests="2" errors="0" skipped="0" failures="0">
  <properties>
[...]
</properties>
  <testcase name="runScenario[&quot;Successful Login With Valid Creadentials&quot;, &quot;Login&quot;](1)" classname="com.stad.testautomation.testrunner.TestRunner" time="10.667">
    <system-out><![CDATA[
@sanity
Scenario: Successful Login With Valid Creadentials                              &amp#27;[90m# resources/features/Login.feature:10&amp#27;[0m
  &amp#27;[32mGiven &amp#27;[0m&amp#27;[32mUser launches the chrome browser&amp#27;[0m                                        &amp#27;[90m# com.stad.testautomation.stepdefinations.LoginSteps.user_launches_the_chrome_browser()&amp#27;[0m
  &amp#27;[32mWhen &amp#27;[0m&amp#27;[32mUser opens URL &amp#27;[0m&amp#27;[32m&amp#27;[1m"https://practicetestautomation.com/"&amp#27;[0m                     &amp#27;[90m# com.stad.testautomation.stepdefinations.LoginSteps.user_opens_url(java.lang.String)&amp#27;[0m
  &amp#27;[32mAnd &amp#27;[0m&amp#27;[32mUser clicks on Practice link&amp#27;[0m                                              &amp#27;[90m# com.stad.testautomation.stepdefinations.LoginSteps.user_clicks_on_practice_link()&amp#27;[0m
  &amp#27;[32mAnd &amp#27;[0m&amp#27;[32muser clicks on Test Login Page link&amp#27;[0m                                       &amp#27;[90m# com.stad.testautomation.stepdefinations.LoginSteps.user_clicks_on_test_login_page_link()&amp#27;[0m
  &amp#27;[32mAnd &amp#27;[0m&amp#27;[32mUser enters username as &amp#27;[0m&amp#27;[32m&amp#27;[1m"student"&amp#27;[0m&amp#27;[32m and password as &amp#27;[0m&amp#27;[32m&amp#27;[1m"Password123"&amp#27;[0m           &amp#27;[90m# com.stad.testautomation.stepdefinations.LoginSteps.user_enters_username_as_and_password_as(java.lang.String,java.lang.String)&amp#27;[0m
  &amp#27;[32mAnd &amp#27;[0m&amp#27;[32muser click on Submit button&amp#27;[0m                                               &amp#27;[90m# com.stad.testautomation.stepdefinations.LoginSteps.user_click_on_submit_button()&amp#27;[0m
  &amp#27;[32mThen &amp#27;[0m&amp#27;[32mPage title should be &amp#27;[0m&amp#27;[32m&amp#27;[1m"Logged In Successfully | Practice Test Automation"&amp#27;[0m &amp#27;[90m# com.stad.testautomation.stepdefinations.LoginSteps.page_title_should_be(java.lang.String)&amp#27;[0m
  &amp#27;[32mAnd &amp#27;[0m&amp#27;[32mUser closes the browser&amp#27;[0m                                                   &amp#27;[90m# com.stad.testautomation.stepdefinations.LoginSteps.user_closes_the_browser()&amp#27;[0m
]]></system-out>
    <system-err><![CDATA[Sept 17, 2026 9:28:49 PM org.openqa.selenium.devtools.CdpVersionFinder findNearestMatch
WARNING: Unable to find an exact match for CDP version 152, returning the closest version; found: 149; Please update to a Selenium version that supports CDP version 152
]]></system-err>
  </testcase>
  <testcase name="runScenario[&quot;Veryfy Logout Functionality&quot;, &quot;Login&quot;](2)" classname="com.stad.testautomation.testrunner.TestRunner" time="6.441">
    <system-out><![CDATA[
@sanity
Scenario: Veryfy Logout Functionality                                           &amp#27;[90m# resources/features/Login.feature:34&amp#27;[0m
  &amp#27;[32mGiven &amp#27;[0m&amp#27;[32mUser launches the chrome browser&amp#27;[0m                                        &amp#27;[90m# com.stad.testautomation.stepdefinations.LoginSteps.user_launches_the_chrome_browser()&amp#27;[0m
  &amp#27;[32mWhen &amp#27;[0m&amp#27;[32mUser opens URL &amp#27;[0m&amp#27;[32m&amp#27;[1m"https://practicetestautomation.com/"&amp#27;[0m                     &amp#27;[90m# com.stad.testautomation.stepdefinations.LoginSteps.user_opens_url(java.lang.String)&amp#27;[0m
  &amp#27;[32mAnd &amp#27;[0m&amp#27;[32mUser clicks on Practice link&amp#27;[0m                                              &amp#27;[90m# com.stad.testautomation.stepdefinations.LoginSteps.user_clicks_on_practice_link()&amp#27;[0m
  &amp#27;[32mAnd &amp#27;[0m&amp#27;[32muser clicks on Test Login Page link&amp#27;[0m                                       &amp#27;[90m# com.stad.testautomation.stepdefinations.LoginSteps.user_clicks_on_test_login_page_link()&amp#27;[0m
  &amp#27;[32mAnd &amp#27;[0m&amp#27;[32mUser enters username as &amp#27;[0m&amp#27;[32m&amp#27;[1m"student"&amp#27;[0m&amp#27;[32m and password as &amp#27;[0m&amp#27;[32m&amp#27;[1m"Password123"&amp#27;[0m           &amp#27;[90m# com.stad.testautomation.stepdefinations.LoginSteps.user_enters_username_as_and_password_as(java.lang.String,java.lang.String)&amp#27;[0m
  &amp#27;[32mAnd &amp#27;[0m&amp#27;[32muser click on Submit button&amp#27;[0m                                               &amp#27;[90m# com.stad.testautomation.stepdefinations.LoginSteps.user_click_on_submit_button()&amp#27;[0m
  &amp#27;[32mThen &amp#27;[0m&amp#27;[32mPage title should be &amp#27;[0m&amp#27;[32m&amp#27;[1m"Logged In Successfully | Practice Test Automation"&amp#27;[0m &amp#27;[90m# com.stad.testautomation.stepdefinations.LoginSteps.page_title_should_be(java.lang.String)&amp#27;[0m
  &amp#27;[32mAnd &amp#27;[0m&amp#27;[32mclick on Logout button&amp#27;[0m                                                    &amp#27;[90m# com.stad.testautomation.stepdefinations.LoginSteps.click_on_logout_button()&amp#27;[0m
  &amp#27;[32mThen &amp#27;[0m&amp#27;[32mPage title should be &amp#27;[0m&amp#27;[32m&amp#27;[1m"Test Login | Practice Test Automation"&amp#27;[0m             &amp#27;[90m# com.stad.testautomation.stepdefinations.LoginSteps.page_title_should_be(java.lang.String)&amp#27;[0m
  &amp#27;[32mAnd &amp#27;[0m&amp#27;[32mUser closes the browser&amp#27;[0m                                                   &amp#27;[90m# com.stad.testautomation.stepdefinations.LoginSteps.user_closes_the_browser()&amp#27;[0m
]]></system-out>
    <system-err><![CDATA[Sept 17, 2026 9:28:59 PM org.openqa.selenium.devtools.CdpVersionFinder findNearestMatch
WARNING: Unable to find an exact match for CDP version 152, returning the closest version; found: 149; Please update to a Selenium version that supports CDP version 152
]]></system-err>
  </testcase>
</testsuite>