<?xml version="1.0" encoding="UTF-8"?>
<testng-results ignored="0" total="2" passed="2" failed="0" skipped="0">
  <reporter-output>
  </reporter-output>
  <suite started-at="2026-09-16T21:38:07 IST" name="Default suite" finished-at="2026-09-16T21:38:30 IST" duration-ms="23594">
    <groups>
      <group name="cucumber">
        <method signature="AbstractTestNGCucumberTests.runScenario(io.cucumber.testng.PickleWrapper,io.cucumber.testng.FeatureWrapper)[pri:0, instance:com.stad.testautomation.testrunner.TestRunner@1139b2f3]" name="runScenario" class="io.cucumber.testng.AbstractTestNGCucumberTests"/>
      </group> <!-- cucumber -->
    </groups>
    <test started-at="2026-09-16T21:38:07 IST" name="Default test" finished-at="2026-09-16T21:38:30 IST" duration-ms="23594">
      <class name="com.stad.testautomation.testrunner.TestRunner">
        <test-method is-config="true" signature="setUpClass(org.testng.ITestContext)[pri:0, instance:com.stad.testautomation.testrunner.TestRunner@1139b2f3]" started-at="2026-09-16T21:38:07 IST" name="setUpClass" finished-at="2026-09-16T21:38:08 IST" duration-ms="1589" status="PASS">
          <params>
            <param index="0">
              <value>
                <![CDATA[org.testng.TestRunner@10ee04df]]>
              </value>
            </param>
          </params>
          <reporter-output>
          </reporter-output>
        </test-method> <!-- setUpClass -->
        <test-method signature="runScenario(io.cucumber.testng.PickleWrapper,io.cucumber.testng.FeatureWrapper)[pri:0, instance:com.stad.testautomation.testrunner.TestRunner@1139b2f3]" started-at="2026-09-16T21:38:08 IST" name="runScenario" description="Runs Cucumber Scenarios" data-provider="scenarios" finished-at="2026-09-16T21:38:19 IST" duration-ms="10637" status="PASS">
          <params>
            <param index="0">
              <value>
                <![CDATA["Successful Login With Valid Creadentials"]]>
              </value>
            </param>
            <param index="1">
              <value>
                <![CDATA["Login"]]>
              </value>
            </param>
          </params>
          <reporter-output>
          </reporter-output>
        </test-method> <!-- runScenario -->
        <test-method signature="runScenario(io.cucumber.testng.PickleWrapper,io.cucumber.testng.FeatureWrapper)[pri:0, instance:com.stad.testautomation.testrunner.TestRunner@1139b2f3]" started-at="2026-09-16T21:38:19 IST" name="runScenario" description="Runs Cucumber Scenarios" data-provider="scenarios" finished-at="2026-09-16T21:38:30 IST" duration-ms="11177" status="PASS">
          <params>
            <param index="0">
              <value>
                <![CDATA["Veryfy Logout Functionality"]]>
              </value>
            </param>
            <param index="1">
              <value>
                <![CDATA["Login"]]>
              </value>
            </param>
          </params>
          <reporter-output>
          </reporter-output>
        </test-method> <!-- runScenario -->
        <test-method is-config="true" signature="tearDownClass()[pri:0, instance:com.stad.testautomation.testrunner.TestRunner@1139b2f3]" started-at="2026-09-16T21:38:30 IST" name="tearDownClass" finished-at="2026-09-16T21:38:30 IST" duration-ms="81" status="PASS">
          <reporter-output>
          </reporter-output>
        </test-method> <!-- tearDownClass -->
      </class> <!-- com.stad.testautomation.testrunner.TestRunner -->
    </test> <!-- Default test -->
  </suite> <!-- Default suite -->
</testng-results>
