<?xml version="1.0" encoding="UTF-8"?>
<!-- Generated by org.testng.reporters.JUnitReportReporter -->
<testsuite hostname="DESKTOP-B4VGDFI" failures="0" tests="2" name="com.stad.testautomation.testrunner.TestRunner" time="21.814" errors="0" timestamp="2026-09-16T21:38:31 IST" skipped="0">
  <testcase classname="com.stad.testautomation.testrunner.TestRunner" name="runScenario" time="11.177"/>
  <system-out/>
  <testcase classname="com.stad.testautomation.testrunner.TestRunner" name="runScenario" time="10.637"/>
  <system-out/>
</testsuite> <!-- com.stad.testautomation.testrunner.TestRunner -->
