<?xml version="1.0" encoding="UTF-8"?>
<!-- Generated by org.testng.reporters.JUnitReportReporter -->
<testsuite hostname="DESKTOP-B4VGDFI" failures="0" tests="2" name="com.stad.testautomation.testrunner.TestRunner" time="17.116" errors="0" timestamp="2026-09-17T21:29:05 IST" skipped="0">
  <testcase classname="com.stad.testautomation.testrunner.TestRunner" name="runScenario" time="10.655"/>
  <system-out/>
  <testcase classname="com.stad.testautomation.testrunner.TestRunner" name="runScenario" time="6.461"/>
  <system-out/>
</testsuite> <!-- com.stad.testautomation.testrunner.TestRunner -->
